Process 3881567: Running simulations for param config: {'pool size': 6, 'prevalence': 0.01, 'household dist': 'US', 'SAR': 0.188, 'FNR': 0.05} with 2000 iterations...
Process 3881568: Running simulations for param config: {'pool size': 6, 'prevalence': 0.001, 'household dist': 'US', 'SAR': 0.188, 'FNR': 0.05} with 2000 iterations...
Process 3881569: Running simulations for param config: {'pool size': 6, 'prevalence': 0.005, 'household dist': 'US', 'SAR': 0.188, 'FNR': 0.05} with 2000 iterations...
Process 3881570: Running simulations for param config: {'pool size': 6, 'prevalence': 0.05, 'household dist': 'US', 'SAR': 0.188, 'FNR': 0.05} with 2000 iterations...
Process 3881571: Running simulations for param config: {'pool size': 6, 'prevalence': 0.1, 'household dist': 'US', 'SAR': 0.188, 'FNR': 0.05} with 2000 iterations...
Process 3881572: Running simulations for param config: {'pool size': 6, 'prevalence': 0.01, 'household dist': 'US', 'SAR': 0.039, 'FNR': 0.05} with 2000 iterations...
Process 3881573: Running simulations for param config: {'pool size': 6, 'prevalence': 0.01, 'household dist': 'US', 'SAR': 0.154, 'FNR': 0.05} with 2000 iterations...
Process 3881574: Running simulations for param config: {'pool size': 6, 'prevalence': 0.01, 'household dist': 'US', 'SAR': 0.222, 'FNR': 0.05} with 2000 iterations...
Process 3881575: Running simulations for param config: {'pool size': 6, 'prevalence': 0.01, 'household dist': 'US', 'SAR': 0.446, 'FNR': 0.05} with 2000 iterations...
Process 3881576: Running simulations for param config: {'pool size': 3, 'prevalence': 0.01, 'household dist': 'US', 'SAR': 0.188, 'FNR': 0.05} with 2000 iterations...
Process 3881578: Running simulations for param config: {'pool size': 24, 'prevalence': 0.01, 'household dist': 'US', 'SAR': 0.188, 'FNR': 0.05} with 2000 iterations...
Process 3881577: Running simulations for param config: {'pool size': 12, 'prevalence': 0.01, 'household dist': 'US', 'SAR': 0.188, 'FNR': 0.05} with 2000 iterations...
Process 3881579: Running simulations for param config: {'pool size': 6, 'prevalence': 0.01, 'household dist': 'US', 'SAR': 0.188, 'FNR': 0.025} with 2000 iterations...
Process 3881580: Running simulations for param config: {'pool size': 6, 'prevalence': 0.01, 'household dist': 'US', 'SAR': 0.188, 'FNR': 0.1} with 2000 iterations...
Process 3881583: Running simulations for param config: {'pool size': 6, 'prevalence': 0.01, 'household dist': 'FR', 'SAR': 0.188, 'FNR': 0.05} with 2000 iterations...
Process 3881582: Running simulations for param config: {'pool size': 6, 'prevalence': 0.01, 'household dist': 'AUS', 'SAR': 0.188, 'FNR': 0.05} with 2000 iterations...
Process 3881581: Running simulations for param config: {'pool size': 6, 'prevalence': 0.01, 'household dist': 'CN', 'SAR': 0.188, 'FNR': 0.05} with 2000 iterations...
Process 3881584: Running simulations for param config: {'pool size': 6, 'prevalence': 0.01, 'household dist': 'US+1', 'SAR': 0.188, 'FNR': 0.05} with 2000 iterations...
Process 3881586: Running simulations for param config: {'pool size': 6, 'prevalence': 0.01, 'household dist': 'US-1', 'SAR': 0.188, 'FNR': 0.05} with 2000 iterations...
Process 3881585: Running simulations for param config: {'pool size': 6, 'prevalence': 0.01, 'household dist': 'US+2', 'SAR': 0.188, 'FNR': 0.05} with 2000 iterations...
Process 3881587: Running simulations for param config: {'pool size': 6, 'prevalence': 0.01, 'household dist': 'US-2', 'SAR': 0.188, 'FNR': 0.05} with 2000 iterations...
Process 3881588: Running simulations for param config: {'pool size': 3, 'prevalence': 0.001, 'household dist': 'US', 'SAR': 0.188, 'FNR': 0.05} with 2000 iterations...
Process 3881589: Running simulations for param config: {'pool size': 4, 'prevalence': 0.001, 'household dist': 'US', 'SAR': 0.188, 'FNR': 0.05} with 2000 iterations...
Process 3881592: Running simulations for param config: {'pool size': 10, 'prevalence': 0.001, 'household dist': 'US', 'SAR': 0.188, 'FNR': 0.05} with 2000 iterations...
Process 3881590: Running simulations for param config: {'pool size': 6, 'prevalence': 0.001, 'household dist': 'US', 'SAR': 0.188, 'FNR': 0.05} with 2000 iterations...
Process 3881591: Running simulations for param config: {'pool size': 8, 'prevalence': 0.001, 'household dist': 'US', 'SAR': 0.188, 'FNR': 0.05} with 2000 iterations...
Process 3881595: Running simulations for param config: {'pool size': 20, 'prevalence': 0.001, 'household dist': 'US', 'SAR': 0.188, 'FNR': 0.05} with 2000 iterations...
Process 3881593: Running simulations for param config: {'pool size': 12, 'prevalence': 0.001, 'household dist': 'US', 'SAR': 0.188, 'FNR': 0.05} with 2000 iterations...
Process 3881594: Running simulations for param config: {'pool size': 15, 'prevalence': 0.001, 'household dist': 'US', 'SAR': 0.188, 'FNR': 0.05} with 2000 iterations...
Process 3881596: Running simulations for param config: {'pool size': 24, 'prevalence': 0.001, 'household dist': 'US', 'SAR': 0.188, 'FNR': 0.05} with 2000 iterations...
Process 3881597: Running simulations for param config: {'pool size': 30, 'prevalence': 0.001, 'household dist': 'US', 'SAR': 0.188, 'FNR': 0.05} with 2000 iterations...
Process 3881598: Running simulations for param config: {'pool size': 40, 'prevalence': 0.001, 'household dist': 'US', 'SAR': 0.188, 'FNR': 0.05} with 2000 iterations...
Process 3881599: Running simulations for param config: {'pool size': 3, 'prevalence': 0.005, 'household dist': 'US', 'SAR': 0.188, 'FNR': 0.05} with 2000 iterations...
Process 3881601: Running simulations for param config: {'pool size': 6, 'prevalence': 0.005, 'household dist': 'US', 'SAR': 0.188, 'FNR': 0.05} with 2000 iterations...
Process 3881600: Running simulations for param config: {'pool size': 4, 'prevalence': 0.005, 'household dist': 'US', 'SAR': 0.188, 'FNR': 0.05} with 2000 iterations...
Process 3881603: Running simulations for param config: {'pool size': 10, 'prevalence': 0.005, 'household dist': 'US', 'SAR': 0.188, 'FNR': 0.05} with 2000 iterations...
Process 3881602: Running simulations for param config: {'pool size': 8, 'prevalence': 0.005, 'household dist': 'US', 'SAR': 0.188, 'FNR': 0.05} with 2000 iterations...
Process 3881604: Running simulations for param config: {'pool size': 12, 'prevalence': 0.005, 'household dist': 'US', 'SAR': 0.188, 'FNR': 0.05} with 2000 iterations...
Process 3881605: Running simulations for param config: {'pool size': 15, 'prevalence': 0.005, 'household dist': 'US', 'SAR': 0.188, 'FNR': 0.05} with 2000 iterations...
Process 3881606: Running simulations for param config: {'pool size': 20, 'prevalence': 0.005, 'household dist': 'US', 'SAR': 0.188, 'FNR': 0.05} with 2000 iterations...
Process 3881607: Running simulations for param config: {'pool size': 24, 'prevalence': 0.005, 'household dist': 'US', 'SAR': 0.188, 'FNR': 0.05} with 2000 iterations...
Process 3881608: Running simulations for param config: {'pool size': 30, 'prevalence': 0.005, 'household dist': 'US', 'SAR': 0.188, 'FNR': 0.05} with 2000 iterations...
Process 3881609: Running simulations for param config: {'pool size': 40, 'prevalence': 0.005, 'household dist': 'US', 'SAR': 0.188, 'FNR': 0.05} with 2000 iterations...
Process 3881610: Running simulations for param config: {'pool size': 3, 'prevalence': 0.01, 'household dist': 'US', 'SAR': 0.188, 'FNR': 0.05} with 2000 iterations...
Process 3881613: Running simulations for param config: {'pool size': 8, 'prevalence': 0.01, 'household dist': 'US', 'SAR': 0.188, 'FNR': 0.05} with 2000 iterations...
Process 3881614: Running simulations for param config: {'pool size': 10, 'prevalence': 0.01, 'household dist': 'US', 'SAR': 0.188, 'FNR': 0.05} with 2000 iterations...
Process 3881615: Running simulations for param config: {'pool size': 12, 'prevalence': 0.01, 'household dist': 'US', 'SAR': 0.188, 'FNR': 0.05} with 2000 iterations...
Process 3881611: Running simulations for param config: {'pool size': 4, 'prevalence': 0.01, 'household dist': 'US', 'SAR': 0.188, 'FNR': 0.05} with 2000 iterations...
Process 3881616: Running simulations for param config: {'pool size': 15, 'prevalence': 0.01, 'household dist': 'US', 'SAR': 0.188, 'FNR': 0.05} with 2000 iterations...
Process 3881612: Running simulations for param config: {'pool size': 6, 'prevalence': 0.01, 'household dist': 'US', 'SAR': 0.188, 'FNR': 0.05} with 2000 iterations...
Process 3881617: Running simulations for param config: {'pool size': 20, 'prevalence': 0.01, 'household dist': 'US', 'SAR': 0.188, 'FNR': 0.05} with 2000 iterations...
Process 3881619: Running simulations for param config: {'pool size': 30, 'prevalence': 0.01, 'household dist': 'US', 'SAR': 0.188, 'FNR': 0.05} with 2000 iterations...
Process 3881618: Running simulations for param config: {'pool size': 24, 'prevalence': 0.01, 'household dist': 'US', 'SAR': 0.188, 'FNR': 0.05} with 2000 iterations...
Process 3881620: Running simulations for param config: {'pool size': 40, 'prevalence': 0.01, 'household dist': 'US', 'SAR': 0.188, 'FNR': 0.05} with 2000 iterations...
Process 3881621: Running simulations for param config: {'pool size': 3, 'prevalence': 0.05, 'household dist': 'US', 'SAR': 0.188, 'FNR': 0.05} with 2000 iterations...
Process 3881623: Running simulations for param config: {'pool size': 6, 'prevalence': 0.05, 'household dist': 'US', 'SAR': 0.188, 'FNR': 0.05} with 2000 iterations...
Process 3881626: Running simulations for param config: {'pool size': 12, 'prevalence': 0.05, 'household dist': 'US', 'SAR': 0.188, 'FNR': 0.05} with 2000 iterations...
Process 3881622: Running simulations for param config: {'pool size': 4, 'prevalence': 0.05, 'household dist': 'US', 'SAR': 0.188, 'FNR': 0.05} with 2000 iterations...
Process 3881625: Running simulations for param config: {'pool size': 10, 'prevalence': 0.05, 'household dist': 'US', 'SAR': 0.188, 'FNR': 0.05} with 2000 iterations...
Process 3881624: Running simulations for param config: {'pool size': 8, 'prevalence': 0.05, 'household dist': 'US', 'SAR': 0.188, 'FNR': 0.05} with 2000 iterations...
Process 3881627: Running simulations for param config: {'pool size': 15, 'prevalence': 0.05, 'household dist': 'US', 'SAR': 0.188, 'FNR': 0.05} with 2000 iterations...
Process 3881628: Running simulations for param config: {'pool size': 20, 'prevalence': 0.05, 'household dist': 'US', 'SAR': 0.188, 'FNR': 0.05} with 2000 iterations...
Process 3881630: Running simulations for param config: {'pool size': 30, 'prevalence': 0.05, 'household dist': 'US', 'SAR': 0.188, 'FNR': 0.05} with 2000 iterations...
Process 3881631: Running simulations for param config: {'pool size': 40, 'prevalence': 0.05, 'household dist': 'US', 'SAR': 0.188, 'FNR': 0.05} with 2000 iterations...
Process 3881629: Running simulations for param config: {'pool size': 24, 'prevalence': 0.05, 'household dist': 'US', 'SAR': 0.188, 'FNR': 0.05} with 2000 iterations...
Process 3881632: Running simulations for param config: {'pool size': 3, 'prevalence': 0.1, 'household dist': 'US', 'SAR': 0.188, 'FNR': 0.05} with 2000 iterations...
Process 3881633: Running simulations for param config: {'pool size': 4, 'prevalence': 0.1, 'household dist': 'US', 'SAR': 0.188, 'FNR': 0.05} with 2000 iterations...
Process 3881634: Running simulations for param config: {'pool size': 6, 'prevalence': 0.1, 'household dist': 'US', 'SAR': 0.188, 'FNR': 0.05} with 2000 iterations...
Process 3881636: Running simulations for param config: {'pool size': 10, 'prevalence': 0.1, 'household dist': 'US', 'SAR': 0.188, 'FNR': 0.05} with 2000 iterations...
Process 3881635: Running simulations for param config: {'pool size': 8, 'prevalence': 0.1, 'household dist': 'US', 'SAR': 0.188, 'FNR': 0.05} with 2000 iterations...
Process 3881637: Running simulations for param config: {'pool size': 12, 'prevalence': 0.1, 'household dist': 'US', 'SAR': 0.188, 'FNR': 0.05} with 2000 iterations...
Process 3881638: Running simulations for param config: {'pool size': 15, 'prevalence': 0.1, 'household dist': 'US', 'SAR': 0.188, 'FNR': 0.05} with 2000 iterations...
Process 3881639: Running simulations for param config: {'pool size': 20, 'prevalence': 0.1, 'household dist': 'US', 'SAR': 0.188, 'FNR': 0.05} with 2000 iterations...
Process 3881640: Running simulations for param config: {'pool size': 24, 'prevalence': 0.1, 'household dist': 'US', 'SAR': 0.188, 'FNR': 0.05} with 2000 iterations...
Process 3881641: Running simulations for param config: {'pool size': 30, 'prevalence': 0.1, 'household dist': 'US', 'SAR': 0.188, 'FNR': 0.05} with 2000 iterations...
Process 3881642: Running simulations for param config: {'pool size': 40, 'prevalence': 0.1, 'household dist': 'US', 'SAR': 0.188, 'FNR': 0.05} with 2000 iterations...
Process 3881597 is done...
Process 3881620 is done...
Process 3881598 is done...
Process 3881609 is done...
Process 3881608 is done...
Process 3881596 is done...
Process 3881595 is done...
Process 3881619 is done...
Process 3881607 is done...
Process 3881578 is done...
Process 3881606 is done...
Process 3881618 is done...
Process 3881617 is done...
Process 3881605 is done...
Process 3881631 is done...
Process 3881594 is done...
Process 3881581 is done...
Process 3881630 is done...
Process 3881616 is done...
Process 3881593 is done...
Process 3881629 is done...
Process 3881604 is done...
Process 3881628 is done...
Process 3881577 is done...
Process 3881615 is done...
Process 3881592 is done...
Process 3881642 is done...
Process 3881603 is done...
Process 3881614 is done...
Process 3881627 is done...
Process 3881641 is done...
Process 3881584 is done...
Process 3881626 is done...
Process 3881602 is done...
Process 3881591 is done...
Process 3881640 is done...
Process 3881613 is done...
Process 3881639 is done...
Process 3881585 is done...
Process 3881582 is done...
Process 3881625 is done...
Process 3881638 is done...
Process 3881637 is done...
Process 3881624 is done...
Process 3881579 is done...
Process 3881580 is done...
Process 3881601 is done...
Process 3881569 is done...
Process 3881574 is done...
Process 3881567 is done...
Process 3881575 is done...
Process 3881572 is done...
Process 3881612 is done...
Process 3881590 is done...
Process 3881568 is done...
Process 3881573 is done...
Process 3881636 is done...
Process 3881570 is done...
Process 3881623 is done...
Process 3881635 is done...
Process 3881586 is done...
Process 3881571 is done...
Process 3881583 is done...
Process 3881634 is done...
Process 3881587 is done...
Process 3881589 is done...
Process 3881600 is done...
Process 3881611 is done...
Process 3881622 is done...
Process 3881633 is done...
Process 3881599 is done...
Process 3881588 is done...
Process 3881610 is done...
Process 3881576 is done...
Process 3881621 is done...
Process 3881632 is done...
Simulation for pareto analysis is done.
